********************************************************************************
DUPLICATOR-LITE PACKAGE-LOG: 2019년 February 18일 4:30 am
NOTICE: Do NOT post to public sites or forums 
********************************************************************************
VERSION:	1.3.4
WORDPRESS:	4.9.9
PHP INFO:	5.6.40 | SAPI: apache2handler
SERVER:		Apache/2.2.15 (CentOS) 
PHP TIME LIMIT: (0) no time limit imposed 
PHP MAX MEMORY: 2048M (128M default) 
MEMORY STACK: 59.5MB 

********************************************************************************
DATABASE:
********************************************************************************
BUILD MODE:   MYSQLDUMP
MYSQLTIMEOUT: 5000
MYSQLDUMP:    Is Supported 
SQL CREATED: 20190218_wp4krcore_b34289e0d3becfcd3327_20190218042933_database.sql 
SQL FILE SIZE: 2.03MB (2130852) 
SQL FILE TIME: 2019-02-18 04:30:08 
SQL RUNTIME: 0.29 sec. 

******************************************************************************** 
ARCHIVE (ZIP): 
******************************************************************************** 
ARCHIVE DIR:  /host/home1/puluke4/html 
ARCHIVE FILE: 20190218_wp4krcore_b34289e0d3becfcd3327_20190218042933_archive.zip 
FILTERS: *OFF* 
DIRS:
	not set 
FILES:
	not set 
EXTS:  not set 
---------------------------------------- 
COMPRESSING 
SIZE:	223.31MB 
STATS:	Dirs 1,209 | Files 10,490 
SQL ADDED: 20190218_wp4krcore_b34289e0d3becfcd3327_20190218042933_database.sql 
ZipArchive Object
(
    [status] => 0
    [statusSys] => 0
    [numFiles] => 11699
    [filename] => /host/home1/puluke4/html/wp-snapshots/tmp/20190218_wp4krcore_b34289e0d3becfcd3327_20190218042933_archive.zip
    [comment] => 
)
 
COMPRESSION RESULT: '1' 
COMPRESSED SIZE: 114.48MB 
ARCHIVE RUNTIME: 40.05 sec. 
MEMORY STACK: 64MB 
building installer 
add_extra_files1 
add_extra_files2 
add_extra_files3 
add_extra_files4 
Doing archive file check 
add_extra_files5 
add_extra_files6 
add_extra_files8 
Successfully opened zip /host/home1/puluke4/html/wp-snapshots/tmp/20190218_wp4krcore_b34289e0d3becfcd3327_20190218042933_archive.zip 
Adding enhanced installer files to archive using ZipArchive 
Installer files added to archive 
Added to archive 
After ziparchive close when adding installer 

******************************************************************************** 
INTEGRITY CHECKS: 
******************************************************************************** 
SQL File: 2.03MB 
Installer File: 34.62KB 
Archive File: 115.37MB  

********************************************************************************
RECORD ID:[1]
TOTAL PROCESS RUNTIME: 41.70 sec.
PEAK PHP MEMORY USED: 66.5MB
DONE PROCESSING => 20190218_wp4krcore 2019년 February 18일 4:30 am
 
